running egg_info
creating ../build/first_robot_bringup/first_robot_bringup.egg-info
writing ../build/first_robot_bringup/first_robot_bringup.egg-info/PKG-INFO
writing dependency_links to ../build/first_robot_bringup/first_robot_bringup.egg-info/dependency_links.txt
writing requirements to ../build/first_robot_bringup/first_robot_bringup.egg-info/requires.txt
writing top-level names to ../build/first_robot_bringup/first_robot_bringup.egg-info/top_level.txt
writing manifest file '../build/first_robot_bringup/first_robot_bringup.egg-info/SOURCES.txt'
reading manifest file '../build/first_robot_bringup/first_robot_bringup.egg-info/SOURCES.txt'
writing manifest file '../build/first_robot_bringup/first_robot_bringup.egg-info/SOURCES.txt'
running build
running build_py
creating /home/liu/learn/ros2/build/first_robot_bringup/build
creating /home/liu/learn/ros2/build/first_robot_bringup/build/lib
creating /home/liu/learn/ros2/build/first_robot_bringup/build/lib/first_robot_bringup
copying first_robot_bringup/__init__.py -> /home/liu/learn/ros2/build/first_robot_bringup/build/lib/first_robot_bringup
running install
running install_lib
creating /home/liu/learn/ros2/install/first_robot_bringup/lib/python3.12/site-packages/first_robot_bringup
copying /home/liu/learn/ros2/build/first_robot_bringup/build/lib/first_robot_bringup/__init__.py -> /home/liu/learn/ros2/install/first_robot_bringup/lib/python3.12/site-packages/first_robot_bringup
byte-compiling /home/liu/learn/ros2/install/first_robot_bringup/lib/python3.12/site-packages/first_robot_bringup/__init__.py to __init__.cpython-312.pyc
running install_data
creating /home/liu/learn/ros2/install/first_robot_bringup/share/ament_index
creating /home/liu/learn/ros2/install/first_robot_bringup/share/ament_index/resource_index
creating /home/liu/learn/ros2/install/first_robot_bringup/share/ament_index/resource_index/packages
copying resource/first_robot_bringup -> /home/liu/learn/ros2/install/first_robot_bringup/share/ament_index/resource_index/packages
copying package.xml -> /home/liu/learn/ros2/install/first_robot_bringup/share/first_robot_bringup
creating /home/liu/learn/ros2/install/first_robot_bringup/share/first_robot_bringup/launch
copying launch/sim.launch.py -> /home/liu/learn/ros2/install/first_robot_bringup/share/first_robot_bringup/launch
running install_egg_info
Copying ../build/first_robot_bringup/first_robot_bringup.egg-info to /home/liu/learn/ros2/install/first_robot_bringup/lib/python3.12/site-packages/first_robot_bringup-0.0.0-py3.12.egg-info
running install_scripts
writing list of installed files to '/home/liu/learn/ros2/build/first_robot_bringup/install.log'
